<?xml version="1.0" encoding="UTF-8"?><testsuite errors="0" failures="1" name="UTest" skipped="0" tests="1" time="117.28" timestamp="2022-04-12 05:24:28"><testcase name="Sing up for uTest"><failure message="Expected enabled element was not enabled" type="net.thucydides.core.webdriver.exceptions.ElementShouldBeEnabledException">Expected enabled element was not enabled</failure><system-err>Expected enabled element was not enabled&#13;
utest2.tasks.YourAddress.performAs(YourAddress.java:30)&#13;
utest2.stepdefinitions.utestStepDefinitions.sheSingUpOnUtestPlatform(utestStepDefinitions.java:28)&#13;
cucumber.runner.Runner.runPickle(Runner.java:80)&#13;
</system-err></testcase></testsuite>